<?xml version="1.0" encoding="UTF-8"?>
<!-- Generated by org.testng.reporters.JUnitReportReporter -->
<testsuite hostname="Priyanka" failures="0" tests="1" name="Testscases.tendableTest" time="23.780" errors="0" timestamp="2024-10-08T15:56:28 IST" skipped="0">
  <testcase classname="Testscases.tendableTest" name="verifyRequestDemoButtonPresentAndActive" time="23.780"/>
  <system-out/>
</testsuite> <!-- Testscases.tendableTest -->
