<?xml version="1.0" encoding="UTF-8"?>
<!-- Generated by org.testng.reporters.JUnitReportReporter -->
<testsuite hostname="Priyanka" failures="0" tests="1" name="Testscases.PracticeTest" time="8.016" errors="0" timestamp="2024-10-08T12:39:34 IST" skipped="0">
  <testcase classname="Testscases.PracticeTest" name="verifyUserCanEnterUser_Name_Email_Phone_Address" time="8.016"/>
  <system-out/>
</testsuite> <!-- Testscases.PracticeTest -->
